<?xml version="1.0" encoding="UTF-8"?>
<testng-results ignored="0" total="1" passed="1" failed="0" skipped="0">
  <reporter-output>
  </reporter-output>
  <suite started-at="2023-11-08T09:23:06Z" name="Default suite" finished-at="2023-11-08T09:23:51Z" duration-ms="45132">
    <groups>
    </groups>
    <test started-at="2023-11-08T09:23:06Z" name="Default test" finished-at="2023-11-08T09:23:51Z" duration-ms="45132">
      <class name="TestCases.test_Login">
        <test-method is-config="true" signature="setUpTest()[pri:0, instance:TestCases.test_Login@19ae6bb]" started-at="2023-11-08T16:23:06Z" name="setUpTest" finished-at="2023-11-08T16:23:08Z" duration-ms="1397" status="PASS">
          <reporter-output>
          </reporter-output>
        </test-method> <!-- setUpTest -->
        <test-method signature="test_login()[pri:0, instance:TestCases.test_Login@19ae6bb]" started-at="2023-11-08T16:23:08Z" name="test_login" finished-at="2023-11-08T16:23:51Z" duration-ms="43351" status="PASS">
          <reporter-output>
          </reporter-output>
        </test-method> <!-- test_login -->
        <test-method is-config="true" signature="tearDownTest()[pri:0, instance:TestCases.test_Login@19ae6bb]" started-at="2023-11-08T16:23:51Z" name="tearDownTest" finished-at="2023-11-08T16:23:51Z" duration-ms="327" status="PASS">
          <reporter-output>
          </reporter-output>
        </test-method> <!-- tearDownTest -->
      </class> <!-- TestCases.test_Login -->
    </test> <!-- Default test -->
  </suite> <!-- Default suite -->
</testng-results>
